<?xml version="1.0" encoding="UTF-8"?>
<!-- Generated by org.testng.reporters.JUnitReportReporter -->
<testsuite hostname="LAPTOP-L2UM9ODI" failures="0" tests="2" name="test.SearchTest" time="128.509" errors="0" timestamp="2025-10-08T01:32:41 IST" skipped="0">
  <testcase classname="test.SearchTest" name="searchbus" time="15.765"/>
  <testcase classname="test.SearchTest" name="resultbus" time="112.744"/>
</testsuite> <!-- test.SearchTest -->
