<?xml version="1.0" encoding="UTF-8"?>
<!-- Generated by org.testng.reporters.JUnitReportReporter -->
<testsuite hostname="LAPTOP-L2UM9ODI" failures="0" tests="2" name="test.SearchTest" time="67.712" errors="0" timestamp="2025-10-08T16:41:02 IST" skipped="0">
  <testcase classname="test.SearchTest" name="searchbus" time="15.458"/>
  <testcase classname="test.SearchTest" name="resultbus" time="52.254"/>
</testsuite> <!-- test.SearchTest -->
