<?xml version="1.0" encoding="UTF-8"?>
<!-- Generated by org.testng.reporters.JUnitReportReporter -->
<testsuite hostname="LAPTOP-L2UM9ODI" failures="0" tests="1" name="test.SearchTest" time="2.287" errors="0" timestamp="2025-10-06T17:25:55 IST" skipped="0">
  <testcase classname="test.SearchTest" name="searchbus" time="2.287"/>
</testsuite> <!-- test.SearchTest -->
