<?xml version="1.0" encoding="UTF-8"?>
<!-- Generated by org.testng.reporters.JUnitReportReporter -->
<testsuite hostname="LAPTOP-L2UM9ODI" failures="0" tests="1" name="base.BaseTest" time="0.011" errors="0" timestamp="2025-10-04T16:17:20 IST" skipped="0">
  <testcase classname="base.BaseTest" name="work" time="0.011"/>
</testsuite> <!-- base.BaseTest -->
