<?xml version="1.0" encoding="UTF-8"?>
<!-- Generated by org.testng.reporters.JUnitReportReporter -->
<testsuite hostname="LAPTOP-L2UM9ODI" failures="0" tests="2" name="test.SearchTest" time="82.407" errors="0" timestamp="2025-10-08T23:59:36 IST" skipped="0">
  <testcase classname="test.SearchTest" name="searchbus" time="20.158"/>
  <testcase classname="test.SearchTest" name="resultbus" time="62.249"/>
</testsuite> <!-- test.SearchTest -->
