<?xml version="1.0" encoding="UTF-8"?>
<!-- Generated by org.testng.reporters.JUnitReportReporter -->
<testsuite hostname="LAPTOP-L2UM9ODI" failures="0" tests="2" name="test.SearchTest" time="161.655" errors="0" timestamp="2025-10-09T01:11:27 IST" skipped="0">
  <testcase classname="test.SearchTest" name="searchbus" time="20.466"/>
  <testcase classname="test.SearchTest" name="resultbus" time="141.189"/>
</testsuite> <!-- test.SearchTest -->
