<?xml version="1.0" encoding="UTF-8"?>
<!-- Generated by org.testng.reporters.JUnitReportReporter -->
<testsuite hostname="LAPTOP-L2UM9ODI" failures="0" tests="2" name="test.SearchTest" time="133.472" errors="0" timestamp="2025-10-09T01:59:14 IST" skipped="0">
  <testcase classname="test.SearchTest" name="searchbus" time="16.482"/>
  <testcase classname="test.SearchTest" name="resultbus" time="116.990"/>
</testsuite> <!-- test.SearchTest -->
