<?xml version="1.0" encoding="UTF-8"?>
<!-- Generated by org.testng.reporters.JUnitReportReporter -->
<testsuite hostname="LAPTOP-L2UM9ODI" failures="0" tests="2" name="test.SearchTest" time="34.761" errors="0" timestamp="2025-10-08T01:14:10 IST" skipped="0">
  <testcase classname="test.SearchTest" name="searchbus" time="17.026"/>
  <testcase classname="test.SearchTest" name="resultbus" time="17.735"/>
</testsuite> <!-- test.SearchTest -->
