<?xml version="1.0" encoding="UTF-8"?>
<!-- Generated by org.testng.reporters.JUnitReportReporter -->
<testsuite hostname="LAPTOP-L2UM9ODI" failures="0" tests="2" name="test.SearchTest" time="97.792" errors="0" timestamp="2025-10-07T21:24:28 IST" skipped="0">
  <testcase classname="test.SearchTest" name="searchbus" time="11.214"/>
  <testcase classname="test.SearchTest" name="resultbus" time="86.578"/>
</testsuite> <!-- test.SearchTest -->
