<?xml version="1.0" encoding="UTF-8"?>
<!-- Generated by org.testng.reporters.JUnitReportReporter -->
<testsuite hostname="LAPTOP-L2UM9ODI" failures="0" tests="2" name="test.SearchTest" time="41.777" errors="0" timestamp="2025-10-08T15:14:27 IST" skipped="0">
  <testcase classname="test.SearchTest" name="searchbus" time="16.456"/>
  <testcase classname="test.SearchTest" name="resultbus" time="25.321"/>
</testsuite> <!-- test.SearchTest -->
