<?xml version="1.0" encoding="UTF-8"?>
<!-- Generated by org.testng.reporters.JUnitReportReporter -->
<testsuite hostname="LAPTOP-L2UM9ODI" failures="0" tests="1" name="test.SearchTest" time="9.974" errors="0" timestamp="2025-10-06T22:44:48 IST" skipped="0">
  <testcase classname="test.SearchTest" name="searchbus" time="9.974"/>
</testsuite> <!-- test.SearchTest -->
