<?xml version="1.0" encoding="UTF-8"?>
<!-- Generated by org.testng.reporters.JUnitReportReporter -->
<testsuite hostname="LAPTOP-L2UM9ODI" failures="0" tests="2" name="test.SearchTest" time="134.819" errors="0" timestamp="2025-10-13T16:23:44 IST" skipped="0">
  <testcase classname="test.SearchTest" name="searchbus" time="16.366"/>
  <testcase classname="test.SearchTest" name="resultbus" time="118.453"/>
</testsuite> <!-- test.SearchTest -->
